<?xml version="1.0" encoding="UTF-8" ?>
<testsuite failures="0" time="0.234" errors="1" skipped="0" tests="2" name="CharacterTests.BattleActionModelTests">
  <properties>
[...]
</properties>
  <testcase time="0.141" classname="CharacterTests.BattleActionModelTests" name="AttackEnemyProcessIntegrityTest"/>
  <testcase time="0" classname="CharacterTests.BattleActionModelTests" name="RandomIntegerNumberTest">
    <error message="
Invalid use of argument matchers!
0 matchers expected, 1 recorded:
-&gt; at CharacterTests.BattleActionModelTests.SetUp(BattleActionModelTests.java:47)

This exception may occur if matchers are combined with raw values:
    //incorrect:
    someMethod(anyObject(), &quot;raw String&quot;);
When using matchers, all arguments have to be provided by matchers.
For example:
    //correct:
    someMethod(anyObject(), eq(&quot;String by matcher&quot;));

For more info see javadoc for Matchers class.
" type="org.mockito.exceptions.misusing.InvalidUseOfMatchersException">org.mockito.exceptions.misusing.InvalidUseOfMatchersException: 
Invalid use of argument matchers!
0 matchers expected, 1 recorded:
-&gt; at CharacterTests.BattleActionModelTests.SetUp(BattleActionModelTests.java:47)

This exception may occur if matchers are combined with raw values:
    //incorrect:
    someMethod(anyObject(), &quot;raw String&quot;);
When using matchers, all arguments have to be provided by matchers.
For example:
    //correct:
    someMethod(anyObject(), eq(&quot;String by matcher&quot;));

For more info see javadoc for Matchers class.

	at CharacterTests.BattleActionModelTests.RandomIntegerNumberTest(BattleActionModelTests.java:54)
	at sun.reflect.NativeMethodAccessorImpl.invoke0(Native Method)
	at sun.reflect.NativeMethodAccessorImpl.invoke(NativeMethodAccessorImpl.java:57)
	at sun.reflect.DelegatingMethodAccessorImpl.invoke(DelegatingMethodAccessorImpl.java:43)
	at java.lang.reflect.Method.invoke(Method.java:606)
	at org.junit.runners.model.FrameworkMethod$1.runReflectiveCall(FrameworkMethod.java:45)
	at org.junit.internal.runners.model.ReflectiveCallable.run(ReflectiveCallable.java:15)
	at org.junit.runners.model.FrameworkMethod.invokeExplosively(FrameworkMethod.java:42)
	at org.junit.internal.runners.statements.InvokeMethod.evaluate(InvokeMethod.java:20)
	at org.junit.internal.runners.statements.RunBefores.evaluate(RunBefores.java:28)
	at org.junit.internal.runners.statements.RunAfters.evaluate(RunAfters.java:30)
	at org.junit.runners.ParentRunner.runLeaf(ParentRunner.java:263)
	at org.junit.runners.BlockJUnit4ClassRunner.runChild(BlockJUnit4ClassRunner.java:68)
	at org.junit.runners.BlockJUnit4ClassRunner.runChild(BlockJUnit4ClassRunner.java:47)
	at org.junit.runners.ParentRunner$3.run(ParentRunner.java:231)
	at org.junit.runners.ParentRunner$1.schedule(ParentRunner.java:60)
	at org.junit.runners.ParentRunner.runChildren(ParentRunner.java:229)
	at org.junit.runners.ParentRunner.access$000(ParentRunner.java:50)
	at org.junit.runners.ParentRunner$2.evaluate(ParentRunner.java:222)
	at org.junit.runners.ParentRunner.run(ParentRunner.java:300)
	at org.apache.maven.surefire.junit4.JUnit4TestSet.execute(JUnit4TestSet.java:53)
	at org.apache.maven.surefire.junit4.JUnit4Provider.executeTestSet(JUnit4Provider.java:123)
	at org.apache.maven.surefire.junit4.JUnit4Provider.invoke(JUnit4Provider.java:104)
	at sun.reflect.NativeMethodAccessorImpl.invoke0(Native Method)
	at sun.reflect.NativeMethodAccessorImpl.invoke(NativeMethodAccessorImpl.java:57)
	at sun.reflect.DelegatingMethodAccessorImpl.invoke(DelegatingMethodAccessorImpl.java:43)
	at java.lang.reflect.Method.invoke(Method.java:606)
	at org.apache.maven.surefire.util.ReflectionUtils.invokeMethodWithArray(ReflectionUtils.java:164)
	at org.apache.maven.surefire.booter.ProviderFactory$ProviderProxy.invoke(ProviderFactory.java:110)
	at org.apache.maven.surefire.booter.SurefireStarter.invokeProvider(SurefireStarter.java:175)
	at org.apache.maven.surefire.booter.SurefireStarter.runSuitesInProcessWhenForked(SurefireStarter.java:107)
	at org.apache.maven.surefire.booter.ForkedBooter.main(ForkedBooter.java:68)
</error>
  </testcase>
</testsuite>